#
# A fatal error has been detected by the Java Runtime Environment:
#
#  EXCEPTION_ACCESS_VIOLATION (0xc0000005) at pc=0x00007ff985cde886, pid=11012, tid=6332
#
# JRE version: OpenJDK Runtime Environment (11.0.5+10) (build 11.0.5+10-b520.30)
# Java VM: OpenJDK 64-Bit Server VM (11.0.5+10-b520.30, mixed mode, tiered, compressed oops, g1 gc, windows-amd64)
# Problematic frame:
# V  [jvm.dll+0x34e886]
#
# No core dump will be written. Minidumps are not enabled by default on client versions of Windows
#
# If you would like to submit a bug report, please visit:
#   http://bugreport.java.com/bugreport/crash.jsp
#

---------------  S U M M A R Y ------------

Command Line: -Dfile.encoding=windows-1251 -Duser.country=RU -Duser.language=ru -Duser.variant space.datahub.DatahubApplication

Host: Intel(R) Core(TM) i7-7700HQ CPU @ 2.80GHz, 8 cores, 15G,  Windows 10 , 64 bit Build 17763 (10.0.17763.475)
Time: Fri Mar 13 22:13:07 2020 Oaio?aeuiiaa?iiaeneee (ceia) elapsed time: 1 seconds (0d 0h 0m 1s)

---------------  T H R E A D  ---------------

Current thread (0x000001755050a800):  JavaThread "C2 CompilerThread0" daemon [_thread_in_native, id=6332, stack(0x000000404e500000,0x000000404e600000)]


Current CompileTask:
C2:   1643 2043   !   4       jdk.internal.loader.BuiltinClassLoader::loadClassOrNull (143 bytes)

Stack: [0x000000404e500000,0x000000404e600000],  sp=0x000000404e5fbbb0,  free space=1006k
Native frames: (J=compiled Java code, j=interpreted, Vv=VM code, C=native code)
V  [jvm.dll+0x34e886]
V  [jvm.dll+0x1941a0]
V  [jvm.dll+0x1f79ce]
V  [jvm.dll+0x1f6a94]
V  [jvm.dll+0x17f6fc]
V  [jvm.dll+0x204f77]
V  [jvm.dll+0x2037f1]
V  [jvm.dll+0x6d835f]
V  [jvm.dll+0x6d114d]
V  [jvm.dll+0x5dbdd6]
C  [ucrtbase.dll+0x21ffa]
C  [KERNEL32.DLL+0x17974]
C  [ntdll.dll+0x6a261]


siginfo: EXCEPTION_ACCESS_VIOLATION (0xc0000005), reading address 0xffffffffffffffff


Register to memory mapping:

RIP=0x00007ff985cde886 jvm.dll
RAX=0x0000017555431230 points into unknown readable memory: 00 00 00 00 00 00 00 00
RBX=0x0000017555b97eb0 points into unknown readable memory: d5 5b 5f 7f 40 02 26 3f
RCX=0x0004017553ba67e8 is an unknown value
RDX=0x0000017551da8020 points into unknown readable memory: 00 00 40 00 00 00 00 00
RSP=0x000000404e5fbbb0 is pointing into the stack for thread: 0x000001755050a800
RBP=0x000000404e5fbcb0 is pointing into the stack for thread: 0x000001755050a800
RSI=0x000000404e5fc1f0 is pointing into the stack for thread: 0x000001755050a800
RDI=0x0000000000000002 is an unknown value
R8 =0x0000000000000001 is an unknown value
R9 =0x0000000000000025 is an unknown value
R10=0x0000000000000032 is an unknown value
R11=0x000000404e5fbc40 is pointing into the stack for thread: 0x000001755050a800
R12=0x0 is NULL
R13=0x0000017553cc1a58 points into unknown readable memory: 48 89 17 86 f9 7f 00 00
R14=0x00000175520c6cf0 points into unknown readable memory: 20 41 16 86 f9 7f 00 00
R15=0x0000000000000026 is an unknown value


Registers:
RAX=0x0000017555431230, RBX=0x0000017555b97eb0, RCX=0x0004017553ba67e8, RDX=0x0000017551da8020
RSP=0x000000404e5fbbb0, RBP=0x000000404e5fbcb0, RSI=0x000000404e5fc1f0, RDI=0x0000000000000002
R8 =0x0000000000000001, R9 =0x0000000000000025, R10=0x0000000000000032, R11=0x000000404e5fbc40
R12=0x0000000000000000, R13=0x0000017553cc1a58, R14=0x00000175520c6cf0, R15=0x0000000000000026
RIP=0x00007ff985cde886, EFLAGS=0x0000000000010202

Top of Stack: (sp=0x000000404e5fbbb0)
0x000000404e5fbbb0:   3f2602407f5f5bd5 0000000000000002
0x000000404e5fbbc0:   0000017553cc1af8 0000000000000002
0x000000404e5fbbd0:   000000404e5fbc08 0000004000000006
0x000000404e5fbbe0:   0000017500001b17 0000002600000002
0x000000404e5fbbf0:   0000000d0000000d 0000017500000000
0x000000404e5fbc00:   0000000d00000001 0000002400000000
0x000000404e5fbc10:   0000000e00000020 00007ff900000000
0x000000404e5fbc20:   0000045f00000025 0000017500000000
0x000000404e5fbc30:   0000000000000010 00007ff900800000
0x000000404e5fbc40:   0000017500000016 0000017551da87a0
0x000000404e5fbc50:   0000017553a2f890 00007ff900000000
0x000000404e5fbc60:   0000017554f8d120 00007ff900000001
0x000000404e5fbc70:   00000175554d3180 0000000000000001
0x000000404e5fbc80:   000001755505e770 0000000000000000
0x000000404e5fbc90:   00000175539ff8f0 00007ff985a49241
0x000000404e5fbca0:   0000017551908150 000000404e5fbec0 

Instructions: (pc=0x00007ff985cde886)
0x00007ff985cde786:   3c 12 75 1a 41 3b 56 18 73 0a 49 8b 46 20 48 8b
0x00007ff985cde796:   0c d0 eb 03 48 8b cf ff c2 41 3b d1 76 dc 8b 7c
0x00007ff985cde7a6:   24 38 49 3b c8 75 08 48 c7 43 08 00 00 00 00 48
0x00007ff985cde7b6:   8b 45 98 48 8b ce 48 c1 ee 05 48 c1 e9 08 83 e6
0x00007ff985cde7c6:   07 48 8b 14 c8 8b 45 88 f7 d0 8b 0c b2 23 c1 89
0x00007ff985cde7d6:   04 b2 85 4d 88 74 7d ff 4d 90 48 8d 4b 38 e8 97
0x00007ff985cde7e6:   3b 2e 00 84 c0 74 6d 83 bb 90 00 00 00 00 74 64
0x00007ff985cde7f6:   f6 83 98 00 00 00 06 74 22 0f b7 83 96 00 00 00
0x00007ff985cde806:   44 2b e0 44 89 64 24 58 44 3b 64 24 64 75 45 8b
0x00007ff985cde816:   85 f0 00 00 00 89 44 24 5c eb 39 48 8b 15 c0 c0
0x00007ff985cde826:   69 00 48 8d 4b 38 e8 2f 54 e8 ff 85 c0 74 25 0f
0x00007ff985cde836:   b7 83 96 00 00 00 2b f8 3b 7c 24 44 89 7c 24 38
0x00007ff985cde846:   44 0f 44 bd f0 00 00 00 44 89 bd f8 00 00 00 44
0x00007ff985cde856:   89 7c 24 3c 41 0f b7 45 2e 48 8b b5 e0 00 00 00
0x00007ff985cde866:   83 e0 01 0f 84 07 01 00 00 8b c8 41 b8 01 00 00
0x00007ff985cde876:   00 49 8b 45 08 48 8b 0c c8 48 8b 86 28 01 00 00
0x00007ff985cde886:   48 63 51 28 8b 0c 90 48 8b 45 98 8b d1 48 c1 ea
0x00007ff985cde896:   08 44 8b d1 83 e1 1f 41 d3 e0 4c 8b 0c d0 41 8b
0x00007ff985cde8a6:   d2 48 c1 ea 05 41 8b c0 83 e2 07 f7 d0 41 8b 0c
0x00007ff985cde8b6:   91 23 c1 41 89 04 91 41 85 c8 0f 84 b0 00 00 00
0x00007ff985cde8c6:   ff 4d 90 4b 8d 34 92 48 8b 85 e0 00 00 00 48 c1
0x00007ff985cde8d6:   e6 05 48 8b 40 70 48 03 70 20 f2 0f 10 46 08 48
0x00007ff985cde8e6:   8d 4e 38 f2 0f 5c c6 f2 0f 11 46 08 e8 89 3a 2e
0x00007ff985cde8f6:   00 84 c0 74 74 83 be 90 00 00 00 00 74 6b f6 86
0x00007ff985cde906:   98 00 00 00 06 74 29 0f b7 86 96 00 00 00 48 8b
0x00007ff985cde916:   b5 e0 00 00 00 44 2b e0 44 89 64 24 58 44 3b 64
0x00007ff985cde926:   24 64 75 4c 8b 85 f0 00 00 00 89 44 24 5c eb 40
0x00007ff985cde936:   48 8b 15 ab bf 69 00 48 8d 4e 38 e8 1a 53 e8 ff
0x00007ff985cde946:   85 c0 74 25 0f b7 86 96 00 00 00 2b f8 3b 7c 24
0x00007ff985cde956:   44 89 7c 24 38 44 0f 44 bd f0 00 00 00 44 89 bd
0x00007ff985cde966:   f8 00 00 00 44 89 7c 24 3c 48 8b b5 e0 00 00 00
0x00007ff985cde976:   8b 83 98 00 00 00 c1 e8 05 a8 01 74 70 49 8b cd 


Stack slot to memory mapping:
stack at sp + 0 slots: 0x3f2602407f5f5bd5 is an unknown value
stack at sp + 1 slots: 0x0000000000000002 is an unknown value
stack at sp + 2 slots: 0x0000017553cc1af8 points into unknown readable memory: 48 89 17 86 f9 7f 00 00
stack at sp + 3 slots: 0x0000000000000002 is an unknown value
stack at sp + 4 slots: 0x000000404e5fbc08 is pointing into the stack for thread: 0x000001755050a800
stack at sp + 5 slots: 0x0000004000000006 is an unknown value
stack at sp + 6 slots: 0x0000017500001b17 is an unknown value
stack at sp + 7 slots: 0x0000002600000002 is an unknown value


---------------  P R O C E S S  ---------------

Threads class SMR info:
_java_thread_list=0x00000175518ddbe0, length=14, elements={
0x000001753056f000, 0x0000017550489000, 0x00000175504b2000, 0x0000017550507800,
0x0000017550508800, 0x000001755050a800, 0x0000017550519000, 0x0000017550541800,
0x00000175506d8800, 0x00000175506e5000, 0x0000017550fb7000, 0x0000017551255800,
0x0000017550d49000, 0x0000017550987800
}

Java Threads: ( => current thread )
  0x000001753056f000 JavaThread "main" [_thread_blocked, id=15196, stack(0x000000404da00000,0x000000404db00000)]
  0x0000017550489000 JavaThread "Reference Handler" daemon [_thread_blocked, id=692, stack(0x000000404e100000,0x000000404e200000)]
  0x00000175504b2000 JavaThread "Finalizer" daemon [_thread_blocked, id=15388, stack(0x000000404e200000,0x000000404e300000)]
  0x0000017550507800 JavaThread "Signal Dispatcher" daemon [_thread_blocked, id=900, stack(0x000000404e300000,0x000000404e400000)]
  0x0000017550508800 JavaThread "Attach Listener" daemon [_thread_blocked, id=15940, stack(0x000000404e400000,0x000000404e500000)]
=>0x000001755050a800 JavaThread "C2 CompilerThread0" daemon [_thread_in_native, id=6332, stack(0x000000404e500000,0x000000404e600000)]
  0x0000017550519000 JavaThread "C1 CompilerThread0" daemon [_thread_in_native, id=11764, stack(0x000000404e600000,0x000000404e700000)]
  0x0000017550541800 JavaThread "Sweeper thread" daemon [_thread_blocked, id=8344, stack(0x000000404e700000,0x000000404e800000)]
  0x00000175506d8800 JavaThread "Service Thread" daemon [_thread_blocked, id=7884, stack(0x000000404e800000,0x000000404e900000)]
  0x00000175506e5000 JavaThread "Common-Cleaner" daemon [_thread_blocked, id=12244, stack(0x000000404ea00000,0x000000404eb00000)]
  0x0000017550fb7000 JavaThread "C2 CompilerThread1" daemon [_thread_in_native, id=10372, stack(0x000000404eb00000,0x000000404ec00000)]
  0x0000017551255800 JavaThread "C2 CompilerThread2" daemon [_thread_in_native, id=16356, stack(0x000000404ec00000,0x000000404ed00000)]
  0x0000017550d49000 JavaThread "Thread-0" [_thread_blocked, id=5068, stack(0x000000404f200000,0x000000404f300000)]
  0x0000017550987800 JavaThread "restartedMain" [_thread_in_native, id=8944, stack(0x000000404f300000,0x000000404f400000)]

Other Threads:
  0x0000017550486000 VMThread "VM Thread" [stack: 0x000000404e000000,0x000000404e100000] [id=10848]
  0x00000175506de000 WatcherThread [stack: 0x000000404e900000,0x000000404ea00000] [id=11928]
  0x0000017530587000 GCTaskThread "GC Thread#0" [stack: 0x000000404db00000,0x000000404dc00000] [id=15748]
  0x00000175514bd800 GCTaskThread "GC Thread#1" [stack: 0x000000404ed00000,0x000000404ee00000] [id=6252]
  0x00000175514e1000 GCTaskThread "GC Thread#2" [stack: 0x000000404ee00000,0x000000404ef00000] [id=1116]
  0x000001755128f000 GCTaskThread "GC Thread#3" [stack: 0x000000404ef00000,0x000000404f000000] [id=16364]
  0x000001755192b000 GCTaskThread "GC Thread#4" [stack: 0x000000404f000000,0x000000404f100000] [id=16148]
  0x00000175511b9000 GCTaskThread "GC Thread#5" [stack: 0x000000404f100000,0x000000404f200000] [id=9816]
  0x0000017551a51800 GCTaskThread "GC Thread#6" [stack: 0x000000404f500000,0x000000404f600000] [id=15208]
  0x0000017551af0000 GCTaskThread "GC Thread#7" [stack: 0x000000404f600000,0x000000404f700000] [id=15272]
  0x00000175305e4000 ConcurrentGCThread "G1 Main Marker" [stack: 0x000000404dc00000,0x000000404dd00000] [id=14976]
  0x00000175305e5800 ConcurrentGCThread "G1 Conc#0" [stack: 0x000000404dd00000,0x000000404de00000] [id=14804]
  0x0000017551328000 ConcurrentGCThread "G1 Conc#1" [stack: 0x000000404f700000,0x000000404f800000] [id=3024]
  0x000001754fade800 ConcurrentGCThread "G1 Refine#0" [stack: 0x000000404de00000,0x000000404df00000] [id=15468]
  0x000001754fae1000 ConcurrentGCThread "G1 Young RemSet Sampling" [stack: 0x000000404df00000,0x000000404e000000] [id=11904]

Threads with active compile tasks:
C2 CompilerThread0   1703 2043   !   4       jdk.internal.loader.BuiltinClassLoader::loadClassOrNull (143 bytes)
C1 CompilerThread0   1703 2593       3       org.springframework.core.ResolvableType::access$100 (4 bytes)
C2 CompilerThread1   1703 2575       4       org.springframework.boot.context.properties.source.ConfigurationPropertyName::equals (86 bytes)
C2 CompilerThread2   1703 2415 % !   4       java.util.jar.Attributes::read @ 185 (388 bytes)

VM state:not at safepoint (normal execution)

VM Mutex/Monitor currently owned by a thread: None

Heap address: 0x0000000701c00000, size: 4068 MB, Compressed Oops mode: Zero based, Oop shift amount: 3
Narrow klass base: 0x0000000800000000, Narrow klass shift: 0
Compressed class space size: 1073741824 Address: 0x0000000800000000

Heap:
 garbage-first heap   total 262144K, used 23061K [0x0000000701c00000, 0x0000000800000000)
  region size 1024K, 21 young (21504K), 8 survivors (8192K)
 Metaspace       used 28360K, capacity 28963K, committed 29184K, reserved 1075200K
  class space    used 3297K, capacity 3552K, committed 3584K, reserved 1048576K
Heap Regions: E=young(eden), S=young(survivor), O=old, HS=humongous(starts), HC=humongous(continues), CS=collection set, F=free, A=archive, TAMS=top-at-mark-start (previous, next)
|   0|0x0000000701c00000, 0x0000000701d00000, 0x0000000701d00000|100%|HS|  |TAMS 0x0000000701d00000, 0x0000000701c00000| Complete 
|   1|0x0000000701d00000, 0x0000000701e00000, 0x0000000701e00000|100%| O|  |TAMS 0x0000000701e00000, 0x0000000701d00000| Untracked 
|   2|0x0000000701e00000, 0x0000000701f00000, 0x0000000701f00000|100%| O|  |TAMS 0x0000000701f00000, 0x0000000701e00000| Untracked 
|   3|0x0000000701f00000, 0x0000000701f44000, 0x0000000702000000| 26%| O|  |TAMS 0x0000000701f44000, 0x0000000701f00000| Untracked 
|   4|0x0000000702000000, 0x0000000702000000, 0x0000000702100000|  0%| F|  |TAMS 0x0000000702000000, 0x0000000702000000| Untracked 
|   5|0x0000000702100000, 0x0000000702100000, 0x0000000702200000|  0%| F|  |TAMS 0x0000000702100000, 0x0000000702100000| Untracked 
|   6|0x0000000702200000, 0x0000000702200000, 0x0000000702300000|  0%| F|  |TAMS 0x0000000702200000, 0x0000000702200000| Untracked 
|   7|0x0000000702300000, 0x0000000702300000, 0x0000000702400000|  0%| F|  |TAMS 0x0000000702300000, 0x0000000702300000| Untracked 
|   8|0x0000000702400000, 0x0000000702400000, 0x0000000702500000|  0%| F|  |TAMS 0x0000000702400000, 0x0000000702400000| Untracked 
|   9|0x0000000702500000, 0x0000000702500000, 0x0000000702600000|  0%| F|  |TAMS 0x0000000702500000, 0x0000000702500000| Untracked 
|  10|0x0000000702600000, 0x0000000702600000, 0x0000000702700000|  0%| F|  |TAMS 0x0000000702600000, 0x0000000702600000| Untracked 
|  11|0x0000000702700000, 0x0000000702700000, 0x0000000702800000|  0%| F|  |TAMS 0x0000000702700000, 0x0000000702700000| Untracked 
|  12|0x0000000702800000, 0x0000000702800000, 0x0000000702900000|  0%| F|  |TAMS 0x0000000702800000, 0x0000000702800000| Untracked 
|  13|0x0000000702900000, 0x0000000702900000, 0x0000000702a00000|  0%| F|  |TAMS 0x0000000702900000, 0x0000000702900000| Untracked 
|  14|0x0000000702a00000, 0x0000000702a00000, 0x0000000702b00000|  0%| F|  |TAMS 0x0000000702a00000, 0x0000000702a00000| Untracked 
|  15|0x0000000702b00000, 0x0000000702b00000, 0x0000000702c00000|  0%| F|  |TAMS 0x0000000702b00000, 0x0000000702b00000| Untracked 
|  16|0x0000000702c00000, 0x0000000702c00000, 0x0000000702d00000|  0%| F|  |TAMS 0x0000000702c00000, 0x0000000702c00000| Untracked 
|  17|0x0000000702d00000, 0x0000000702d00000, 0x0000000702e00000|  0%| F|  |TAMS 0x0000000702d00000, 0x0000000702d00000| Untracked 
|  18|0x0000000702e00000, 0x0000000702e00000, 0x0000000702f00000|  0%| F|  |TAMS 0x0000000702e00000, 0x0000000702e00000| Untracked 
|  19|0x0000000702f00000, 0x0000000702f00000, 0x0000000703000000|  0%| F|  |TAMS 0x0000000702f00000, 0x0000000702f00000| Untracked 
|  20|0x0000000703000000, 0x0000000703000000, 0x0000000703100000|  0%| F|  |TAMS 0x0000000703000000, 0x0000000703000000| Untracked 
|  21|0x0000000703100000, 0x0000000703100000, 0x0000000703200000|  0%| F|  |TAMS 0x0000000703100000, 0x0000000703100000| Untracked 
|  22|0x0000000703200000, 0x0000000703200000, 0x0000000703300000|  0%| F|  |TAMS 0x0000000703200000, 0x0000000703200000| Untracked 
|  23|0x0000000703300000, 0x0000000703300000, 0x0000000703400000|  0%| F|  |TAMS 0x0000000703300000, 0x0000000703300000| Untracked 
|  24|0x0000000703400000, 0x0000000703400000, 0x0000000703500000|  0%| F|  |TAMS 0x0000000703400000, 0x0000000703400000| Untracked 
|  25|0x0000000703500000, 0x0000000703500000, 0x0000000703600000|  0%| F|  |TAMS 0x0000000703500000, 0x0000000703500000| Untracked 
|  26|0x0000000703600000, 0x0000000703600000, 0x0000000703700000|  0%| F|  |TAMS 0x0000000703600000, 0x0000000703600000| Untracked 
|  27|0x0000000703700000, 0x0000000703700000, 0x0000000703800000|  0%| F|  |TAMS 0x0000000703700000, 0x0000000703700000| Untracked 
|  28|0x0000000703800000, 0x0000000703800000, 0x0000000703900000|  0%| F|  |TAMS 0x0000000703800000, 0x0000000703800000| Untracked 
|  29|0x0000000703900000, 0x0000000703900000, 0x0000000703a00000|  0%| F|  |TAMS 0x0000000703900000, 0x0000000703900000| Untracked 
|  30|0x0000000703a00000, 0x0000000703a00000, 0x0000000703b00000|  0%| F|  |TAMS 0x0000000703a00000, 0x0000000703a00000| Untracked 
|  31|0x0000000703b00000, 0x0000000703b00000, 0x0000000703c00000|  0%| F|  |TAMS 0x0000000703b00000, 0x0000000703b00000| Untracked 
|  32|0x0000000703c00000, 0x0000000703c00000, 0x0000000703d00000|  0%| F|  |TAMS 0x0000000703c00000, 0x0000000703c00000| Untracked 
|  33|0x0000000703d00000, 0x0000000703d00000, 0x0000000703e00000|  0%| F|  |TAMS 0x0000000703d00000, 0x0000000703d00000| Untracked 
|  34|0x0000000703e00000, 0x0000000703e00000, 0x0000000703f00000|  0%| F|  |TAMS 0x0000000703e00000, 0x0000000703e00000| Untracked 
|  35|0x0000000703f00000, 0x0000000703f00000, 0x0000000704000000|  0%| F|  |TAMS 0x0000000703f00000, 0x0000000703f00000| Untracked 
|  36|0x0000000704000000, 0x0000000704000000, 0x0000000704100000|  0%| F|  |TAMS 0x0000000704000000, 0x0000000704000000| Untracked 
|  37|0x0000000704100000, 0x0000000704100000, 0x0000000704200000|  0%| F|  |TAMS 0x0000000704100000, 0x0000000704100000| Untracked 
|  38|0x0000000704200000, 0x0000000704200000, 0x0000000704300000|  0%| F|  |TAMS 0x0000000704200000, 0x0000000704200000| Untracked 
|  39|0x0000000704300000, 0x0000000704300000, 0x0000000704400000|  0%| F|  |TAMS 0x0000000704300000, 0x0000000704300000| Untracked 
|  40|0x0000000704400000, 0x0000000704400000, 0x0000000704500000|  0%| F|  |TAMS 0x0000000704400000, 0x0000000704400000| Untracked 
|  41|0x0000000704500000, 0x0000000704500000, 0x0000000704600000|  0%| F|  |TAMS 0x0000000704500000, 0x0000000704500000| Untracked 
|  42|0x0000000704600000, 0x0000000704600000, 0x0000000704700000|  0%| F|  |TAMS 0x0000000704600000, 0x0000000704600000| Untracked 
|  43|0x0000000704700000, 0x0000000704700000, 0x0000000704800000|  0%| F|  |TAMS 0x0000000704700000, 0x0000000704700000| Untracked 
|  44|0x0000000704800000, 0x0000000704800000, 0x0000000704900000|  0%| F|  |TAMS 0x0000000704800000, 0x0000000704800000| Untracked 
|  45|0x0000000704900000, 0x0000000704900000, 0x0000000704a00000|  0%| F|  |TAMS 0x0000000704900000, 0x0000000704900000| Untracked 
|  46|0x0000000704a00000, 0x0000000704a00000, 0x0000000704b00000|  0%| F|  |TAMS 0x0000000704a00000, 0x0000000704a00000| Untracked 
|  47|0x0000000704b00000, 0x0000000704b00000, 0x0000000704c00000|  0%| F|  |TAMS 0x0000000704b00000, 0x0000000704b00000| Untracked 
|  48|0x0000000704c00000, 0x0000000704c00000, 0x0000000704d00000|  0%| F|  |TAMS 0x0000000704c00000, 0x0000000704c00000| Untracked 
|  49|0x0000000704d00000, 0x0000000704d00000, 0x0000000704e00000|  0%| F|  |TAMS 0x0000000704d00000, 0x0000000704d00000| Untracked 
|  50|0x0000000704e00000, 0x0000000704e00000, 0x0000000704f00000|  0%| F|  |TAMS 0x0000000704e00000, 0x0000000704e00000| Untracked 
|  51|0x0000000704f00000, 0x0000000704f00000, 0x0000000705000000|  0%| F|  |TAMS 0x0000000704f00000, 0x0000000704f00000| Untracked 
|  52|0x0000000705000000, 0x0000000705000000, 0x0000000705100000|  0%| F|  |TAMS 0x0000000705000000, 0x0000000705000000| Untracked 
|  53|0x0000000705100000, 0x0000000705100000, 0x0000000705200000|  0%| F|  |TAMS 0x0000000705100000, 0x0000000705100000| Untracked 
|  54|0x0000000705200000, 0x0000000705200000, 0x0000000705300000|  0%| F|  |TAMS 0x0000000705200000, 0x0000000705200000| Untracked 
|  55|0x0000000705300000, 0x0000000705300000, 0x0000000705400000|  0%| F|  |TAMS 0x0000000705300000, 0x0000000705300000| Untracked 
|  56|0x0000000705400000, 0x0000000705400000, 0x0000000705500000|  0%| F|  |TAMS 0x0000000705400000, 0x0000000705400000| Untracked 
|  57|0x0000000705500000, 0x0000000705500000, 0x0000000705600000|  0%| F|  |TAMS 0x0000000705500000, 0x0000000705500000| Untracked 
|  58|0x0000000705600000, 0x0000000705600000, 0x0000000705700000|  0%| F|  |TAMS 0x0000000705600000, 0x0000000705600000| Untracked 
|  59|0x0000000705700000, 0x0000000705700000, 0x0000000705800000|  0%| F|  |TAMS 0x0000000705700000, 0x0000000705700000| Untracked 
|  60|0x0000000705800000, 0x0000000705800000, 0x0000000705900000|  0%| F|  |TAMS 0x0000000705800000, 0x0000000705800000| Untracked 
|  61|0x0000000705900000, 0x0000000705900000, 0x0000000705a00000|  0%| F|  |TAMS 0x0000000705900000, 0x0000000705900000| Untracked 
|  62|0x0000000705a00000, 0x0000000705a00000, 0x0000000705b00000|  0%| F|  |TAMS 0x0000000705a00000, 0x0000000705a00000| Untracked 
|  63|0x0000000705b00000, 0x0000000705b00000, 0x0000000705c00000|  0%| F|  |TAMS 0x0000000705b00000, 0x0000000705b00000| Untracked 
|  64|0x0000000705c00000, 0x0000000705c00000, 0x0000000705d00000|  0%| F|  |TAMS 0x0000000705c00000, 0x0000000705c00000| Untracked 
|  65|0x0000000705d00000, 0x0000000705d00000, 0x0000000705e00000|  0%| F|  |TAMS 0x0000000705d00000, 0x0000000705d00000| Untracked 
|  66|0x0000000705e00000, 0x0000000705e00000, 0x0000000705f00000|  0%| F|  |TAMS 0x0000000705e00000, 0x0000000705e00000| Untracked 
|  67|0x0000000705f00000, 0x0000000705f00000, 0x0000000706000000|  0%| F|  |TAMS 0x0000000705f00000, 0x0000000705f00000| Untracked 
|  68|0x0000000706000000, 0x0000000706000000, 0x0000000706100000|  0%| F|  |TAMS 0x0000000706000000, 0x0000000706000000| Untracked 
|  69|0x0000000706100000, 0x0000000706100000, 0x0000000706200000|  0%| F|  |TAMS 0x0000000706100000, 0x0000000706100000| Untracked 
|  70|0x0000000706200000, 0x0000000706200000, 0x0000000706300000|  0%| F|  |TAMS 0x0000000706200000, 0x0000000706200000| Untracked 
|  71|0x0000000706300000, 0x0000000706300000, 0x0000000706400000|  0%| F|  |TAMS 0x0000000706300000, 0x0000000706300000| Untracked 
|  72|0x0000000706400000, 0x0000000706400000, 0x0000000706500000|  0%| F|  |TAMS 0x0000000706400000, 0x0000000706400000| Untracked 
|  73|0x0000000706500000, 0x0000000706500000, 0x0000000706600000|  0%| F|  |TAMS 0x0000000706500000, 0x0000000706500000| Untracked 
|  74|0x0000000706600000, 0x0000000706600000, 0x0000000706700000|  0%| F|  |TAMS 0x0000000706600000, 0x0000000706600000| Untracked 
|  75|0x0000000706700000, 0x0000000706700000, 0x0000000706800000|  0%| F|  |TAMS 0x0000000706700000, 0x0000000706700000| Untracked 
|  76|0x0000000706800000, 0x0000000706800000, 0x0000000706900000|  0%| F|  |TAMS 0x0000000706800000, 0x0000000706800000| Untracked 
|  77|0x0000000706900000, 0x0000000706900000, 0x0000000706a00000|  0%| F|  |TAMS 0x0000000706900000, 0x0000000706900000| Untracked 
|  78|0x0000000706a00000, 0x0000000706a00000, 0x0000000706b00000|  0%| F|  |TAMS 0x0000000706a00000, 0x0000000706a00000| Untracked 
|  79|0x0000000706b00000, 0x0000000706b00000, 0x0000000706c00000|  0%| F|  |TAMS 0x0000000706b00000, 0x0000000706b00000| Untracked 
|  80|0x0000000706c00000, 0x0000000706c00000, 0x0000000706d00000|  0%| F|  |TAMS 0x0000000706c00000, 0x0000000706c00000| Untracked 
|  81|0x0000000706d00000, 0x0000000706d00000, 0x0000000706e00000|  0%| F|  |TAMS 0x0000000706d00000, 0x0000000706d00000| Untracked 
|  82|0x0000000706e00000, 0x0000000706e00000, 0x0000000706f00000|  0%| F|  |TAMS 0x0000000706e00000, 0x0000000706e00000| Untracked 
|  83|0x0000000706f00000, 0x0000000706f00000, 0x0000000707000000|  0%| F|  |TAMS 0x0000000706f00000, 0x0000000706f00000| Untracked 
|  84|0x0000000707000000, 0x0000000707000000, 0x0000000707100000|  0%| F|  |TAMS 0x0000000707000000, 0x0000000707000000| Untracked 
|  85|0x0000000707100000, 0x0000000707100000, 0x0000000707200000|  0%| F|  |TAMS 0x0000000707100000, 0x0000000707100000| Untracked 
|  86|0x0000000707200000, 0x0000000707200000, 0x0000000707300000|  0%| F|  |TAMS 0x0000000707200000, 0x0000000707200000| Untracked 
|  87|0x0000000707300000, 0x0000000707300000, 0x0000000707400000|  0%| F|  |TAMS 0x0000000707300000, 0x0000000707300000| Untracked 
|  88|0x0000000707400000, 0x0000000707400000, 0x0000000707500000|  0%| F|  |TAMS 0x0000000707400000, 0x0000000707400000| Untracked 
|  89|0x0000000707500000, 0x0000000707500000, 0x0000000707600000|  0%| F|  |TAMS 0x0000000707500000, 0x0000000707500000| Untracked 
|  90|0x0000000707600000, 0x0000000707600000, 0x0000000707700000|  0%| F|  |TAMS 0x0000000707600000, 0x0000000707600000| Untracked 
|  91|0x0000000707700000, 0x0000000707700000, 0x0000000707800000|  0%| F|  |TAMS 0x0000000707700000, 0x0000000707700000| Untracked 
|  92|0x0000000707800000, 0x0000000707800000, 0x0000000707900000|  0%| F|  |TAMS 0x0000000707800000, 0x0000000707800000| Untracked 
|  93|0x0000000707900000, 0x0000000707900000, 0x0000000707a00000|  0%| F|  |TAMS 0x0000000707900000, 0x0000000707900000| Untracked 
|  94|0x0000000707a00000, 0x0000000707a00000, 0x0000000707b00000|  0%| F|  |TAMS 0x0000000707a00000, 0x0000000707a00000| Untracked 
|  95|0x0000000707b00000, 0x0000000707b00000, 0x0000000707c00000|  0%| F|  |TAMS 0x0000000707b00000, 0x0000000707b00000| Untracked 
|  96|0x0000000707c00000, 0x0000000707c00000, 0x0000000707d00000|  0%| F|  |TAMS 0x0000000707c00000, 0x0000000707c00000| Untracked 
|  97|0x0000000707d00000, 0x0000000707d00000, 0x0000000707e00000|  0%| F|  |TAMS 0x0000000707d00000, 0x0000000707d00000| Untracked 
|  98|0x0000000707e00000, 0x0000000707e00000, 0x0000000707f00000|  0%| F|  |TAMS 0x0000000707e00000, 0x0000000707e00000| Untracked 
|  99|0x0000000707f00000, 0x0000000707f00000, 0x0000000708000000|  0%| F|  |TAMS 0x0000000707f00000, 0x0000000707f00000| Untracked 
| 100|0x0000000708000000, 0x0000000708000000, 0x0000000708100000|  0%| F|  |TAMS 0x0000000708000000, 0x0000000708000000| Untracked 
| 101|0x0000000708100000, 0x0000000708100000, 0x0000000708200000|  0%| F|  |TAMS 0x0000000708100000, 0x0000000708100000| Untracked 
| 102|0x0000000708200000, 0x0000000708200000, 0x0000000708300000|  0%| F|  |TAMS 0x0000000708200000, 0x0000000708200000| Untracked 
| 103|0x0000000708300000, 0x0000000708300000, 0x0000000708400000|  0%| F|  |TAMS 0x0000000708300000, 0x0000000708300000| Untracked 
| 104|0x0000000708400000, 0x0000000708400000, 0x0000000708500000|  0%| F|  |TAMS 0x0000000708400000, 0x0000000708400000| Untracked 
| 105|0x0000000708500000, 0x0000000708500000, 0x0000000708600000|  0%| F|  |TAMS 0x0000000708500000, 0x0000000708500000| Untracked 
| 106|0x0000000708600000, 0x0000000708600000, 0x0000000708700000|  0%| F|  |TAMS 0x0000000708600000, 0x0000000708600000| Untracked 
| 107|0x0000000708700000, 0x0000000708700000, 0x0000000708800000|  0%| F|  |TAMS 0x0000000708700000, 0x0000000708700000| Untracked 
| 108|0x0000000708800000, 0x0000000708800000, 0x0000000708900000|  0%| F|  |TAMS 0x0000000708800000, 0x0000000708800000| Untracked 
| 109|0x0000000708900000, 0x0000000708900000, 0x0000000708a00000|  0%| F|  |TAMS 0x0000000708900000, 0x0000000708900000| Untracked 
| 110|0x0000000708a00000, 0x0000000708a00000, 0x0000000708b00000|  0%| F|  |TAMS 0x0000000708a00000, 0x0000000708a00000| Untracked 
| 111|0x0000000708b00000, 0x0000000708b00000, 0x0000000708c00000|  0%| F|  |TAMS 0x0000000708b00000, 0x0000000708b00000| Untracked 
| 112|0x0000000708c00000, 0x0000000708c00000, 0x0000000708d00000|  0%| F|  |TAMS 0x0000000708c00000, 0x0000000708c00000| Untracked 
| 113|0x0000000708d00000, 0x0000000708d00000, 0x0000000708e00000|  0%| F|  |TAMS 0x0000000708d00000, 0x0000000708d00000| Untracked 
| 114|0x0000000708e00000, 0x0000000708e00000, 0x0000000708f00000|  0%| F|  |TAMS 0x0000000708e00000, 0x0000000708e00000| Untracked 
| 115|0x0000000708f00000, 0x0000000708f00000, 0x0000000709000000|  0%| F|  |TAMS 0x0000000708f00000, 0x0000000708f00000| Untracked 
| 116|0x0000000709000000, 0x0000000709000000, 0x0000000709100000|  0%| F|  |TAMS 0x0000000709000000, 0x0000000709000000| Untracked 
| 117|0x0000000709100000, 0x0000000709100000, 0x0000000709200000|  0%| F|  |TAMS 0x0000000709100000, 0x0000000709100000| Untracked 
| 118|0x0000000709200000, 0x0000000709200000, 0x0000000709300000|  0%| F|  |TAMS 0x0000000709200000, 0x0000000709200000| Untracked 
| 119|0x0000000709300000, 0x0000000709300000, 0x0000000709400000|  0%| F|  |TAMS 0x0000000709300000, 0x0000000709300000| Untracked 
| 120|0x0000000709400000, 0x0000000709400000, 0x0000000709500000|  0%| F|  |TAMS 0x0000000709400000, 0x0000000709400000| Untracked 
| 121|0x0000000709500000, 0x0000000709500000, 0x0000000709600000|  0%| F|  |TAMS 0x0000000709500000, 0x0000000709500000| Untracked 
| 122|0x0000000709600000, 0x0000000709600000, 0x0000000709700000|  0%| F|  |TAMS 0x0000000709600000, 0x0000000709600000| Untracked 
| 123|0x0000000709700000, 0x0000000709700000, 0x0000000709800000|  0%| F|  |TAMS 0x0000000709700000, 0x0000000709700000| Untracked 
| 124|0x0000000709800000, 0x0000000709800000, 0x0000000709900000|  0%| F|  |TAMS 0x0000000709800000, 0x0000000709800000| Untracked 
| 125|0x0000000709900000, 0x0000000709900000, 0x0000000709a00000|  0%| F|  |TAMS 0x0000000709900000, 0x0000000709900000| Untracked 
| 126|0x0000000709a00000, 0x0000000709a00000, 0x0000000709b00000|  0%| F|  |TAMS 0x0000000709a00000, 0x0000000709a00000| Untracked 
| 127|0x0000000709b00000, 0x0000000709b00000, 0x0000000709c00000|  0%| F|  |TAMS 0x0000000709b00000, 0x0000000709b00000| Untracked 
| 128|0x0000000709c00000, 0x0000000709c00000, 0x0000000709d00000|  0%| F|  |TAMS 0x0000000709c00000, 0x0000000709c00000| Untracked 
| 129|0x0000000709d00000, 0x0000000709d00000, 0x0000000709e00000|  0%| F|  |TAMS 0x0000000709d00000, 0x0000000709d00000| Untracked 
| 130|0x0000000709e00000, 0x0000000709e00000, 0x0000000709f00000|  0%| F|  |TAMS 0x0000000709e00000, 0x0000000709e00000| Untracked 
| 131|0x0000000709f00000, 0x0000000709f00000, 0x000000070a000000|  0%| F|  |TAMS 0x0000000709f00000, 0x0000000709f00000| Untracked 
| 132|0x000000070a000000, 0x000000070a000000, 0x000000070a100000|  0%| F|  |TAMS 0x000000070a000000, 0x000000070a000000| Untracked 
| 133|0x000000070a100000, 0x000000070a100000, 0x000000070a200000|  0%| F|  |TAMS 0x000000070a100000, 0x000000070a100000| Untracked 
| 134|0x000000070a200000, 0x000000070a200000, 0x000000070a300000|  0%| F|  |TAMS 0x000000070a200000, 0x000000070a200000| Untracked 
| 135|0x000000070a300000, 0x000000070a300000, 0x000000070a400000|  0%| F|  |TAMS 0x000000070a300000, 0x000000070a300000| Untracked 
| 136|0x000000070a400000, 0x000000070a400000, 0x000000070a500000|  0%| F|  |TAMS 0x000000070a400000, 0x000000070a400000| Untracked 
| 137|0x000000070a500000, 0x000000070a500000, 0x000000070a600000|  0%| F|  |TAMS 0x000000070a500000, 0x000000070a500000| Untracked 
| 138|0x000000070a600000, 0x000000070a600000, 0x000000070a700000|  0%| F|  |TAMS 0x000000070a600000, 0x000000070a600000| Untracked 
| 139|0x000000070a700000, 0x000000070a700000, 0x000000070a800000|  0%| F|  |TAMS 0x000000070a700000, 0x000000070a700000| Untracked 
| 140|0x000000070a800000, 0x000000070a800000, 0x000000070a900000|  0%| F|  |TAMS 0x000000070a800000, 0x000000070a800000| Untracked 
| 141|0x000000070a900000, 0x000000070a900000, 0x000000070aa00000|  0%| F|  |TAMS 0x000000070a900000, 0x000000070a900000| Untracked 
| 142|0x000000070aa00000, 0x000000070aa00000, 0x000000070ab00000|  0%| F|  |TAMS 0x000000070aa00000, 0x000000070aa00000| Untracked 
| 143|0x000000070ab00000, 0x000000070ab00000, 0x000000070ac00000|  0%| F|  |TAMS 0x000000070ab00000, 0x000000070ab00000| Untracked 
| 144|0x000000070ac00000, 0x000000070ac00000, 0x000000070ad00000|  0%| F|  |TAMS 0x000000070ac00000, 0x000000070ac00000| Untracked 
| 145|0x000000070ad00000, 0x000000070ad00000, 0x000000070ae00000|  0%| F|  |TAMS 0x000000070ad00000, 0x000000070ad00000| Untracked 
| 146|0x000000070ae00000, 0x000000070ae00000, 0x000000070af00000|  0%| F|  |TAMS 0x000000070ae00000, 0x000000070ae00000| Untracked 
| 147|0x000000070af00000, 0x000000070af00000, 0x000000070b000000|  0%| F|  |TAMS 0x000000070af00000, 0x000000070af00000| Untracked 
| 148|0x000000070b000000, 0x000000070b000000, 0x000000070b100000|  0%| F|  |TAMS 0x000000070b000000, 0x000000070b000000| Untracked 
| 149|0x000000070b100000, 0x000000070b100000, 0x000000070b200000|  0%| F|  |TAMS 0x000000070b100000, 0x000000070b100000| Untracked 
| 150|0x000000070b200000, 0x000000070b200000, 0x000000070b300000|  0%| F|  |TAMS 0x000000070b200000, 0x000000070b200000| Untracked 
| 151|0x000000070b300000, 0x000000070b300000, 0x000000070b400000|  0%| F|  |TAMS 0x000000070b300000, 0x000000070b300000| Untracked 
| 152|0x000000070b400000, 0x000000070b400000, 0x000000070b500000|  0%| F|  |TAMS 0x000000070b400000, 0x000000070b400000| Untracked 
| 153|0x000000070b500000, 0x000000070b541580, 0x000000070b600000| 25%| S|CS|TAMS 0x000000070b500000, 0x000000070b500000| Complete 
| 154|0x000000070b600000, 0x000000070b700000, 0x000000070b700000|100%| S|CS|TAMS 0x000000070b600000, 0x000000070b600000| Complete 
| 155|0x000000070b700000, 0x000000070b800000, 0x000000070b800000|100%| S|CS|TAMS 0x000000070b700000, 0x000000070b700000| Complete 
| 156|0x000000070b800000, 0x000000070b900000, 0x000000070b900000|100%| S|CS|TAMS 0x000000070b800000, 0x000000070b800000| Complete 
| 157|0x000000070b900000, 0x000000070ba00000, 0x000000070ba00000|100%| S|CS|TAMS 0x000000070b900000, 0x000000070b900000| Complete 
| 158|0x000000070ba00000, 0x000000070bb00000, 0x000000070bb00000|100%| S|CS|TAMS 0x000000070ba00000, 0x000000070ba00000| Complete 
| 159|0x000000070bb00000, 0x000000070bc00000, 0x000000070bc00000|100%| S|CS|TAMS 0x000000070bb00000, 0x000000070bb00000| Complete 
| 160|0x000000070bc00000, 0x000000070bd00000, 0x000000070bd00000|100%| S|CS|TAMS 0x000000070bc00000, 0x000000070bc00000| Complete 
| 161|0x000000070bd00000, 0x000000070bd00000, 0x000000070be00000|  0%| F|  |TAMS 0x000000070bd00000, 0x000000070bd00000| Untracked 
| 162|0x000000070be00000, 0x000000070be00000, 0x000000070bf00000|  0%| F|  |TAMS 0x000000070be00000, 0x000000070be00000| Untracked 
| 163|0x000000070bf00000, 0x000000070bf00000, 0x000000070c000000|  0%| F|  |TAMS 0x000000070bf00000, 0x000000070bf00000| Untracked 
| 164|0x000000070c000000, 0x000000070c000000, 0x000000070c100000|  0%| F|  |TAMS 0x000000070c000000, 0x000000070c000000| Untracked 
| 165|0x000000070c100000, 0x000000070c100000, 0x000000070c200000|  0%| F|  |TAMS 0x000000070c100000, 0x000000070c100000| Untracked 
| 166|0x000000070c200000, 0x000000070c200000, 0x000000070c300000|  0%| F|  |TAMS 0x000000070c200000, 0x000000070c200000| Untracked 
| 167|0x000000070c300000, 0x000000070c300000, 0x000000070c400000|  0%| F|  |TAMS 0x000000070c300000, 0x000000070c300000| Untracked 
| 168|0x000000070c400000, 0x000000070c400000, 0x000000070c500000|  0%| F|  |TAMS 0x000000070c400000, 0x000000070c400000| Untracked 
| 169|0x000000070c500000, 0x000000070c500000, 0x000000070c600000|  0%| F|  |TAMS 0x000000070c500000, 0x000000070c500000| Untracked 
| 170|0x000000070c600000, 0x000000070c600000, 0x000000070c700000|  0%| F|  |TAMS 0x000000070c600000, 0x000000070c600000| Untracked 
| 171|0x000000070c700000, 0x000000070c700000, 0x000000070c800000|  0%| F|  |TAMS 0x000000070c700000, 0x000000070c700000| Untracked 
| 172|0x000000070c800000, 0x000000070c800000, 0x000000070c900000|  0%| F|  |TAMS 0x000000070c800000, 0x000000070c800000| Untracked 
| 173|0x000000070c900000, 0x000000070c900000, 0x000000070ca00000|  0%| F|  |TAMS 0x000000070c900000, 0x000000070c900000| Untracked 
| 174|0x000000070ca00000, 0x000000070ca00000, 0x000000070cb00000|  0%| F|  |TAMS 0x000000070ca00000, 0x000000070ca00000| Untracked 
| 175|0x000000070cb00000, 0x000000070cb00000, 0x000000070cc00000|  0%| F|  |TAMS 0x000000070cb00000, 0x000000070cb00000| Untracked 
| 176|0x000000070cc00000, 0x000000070cc00000, 0x000000070cd00000|  0%| F|  |TAMS 0x000000070cc00000, 0x000000070cc00000| Untracked 
| 177|0x000000070cd00000, 0x000000070cd00000, 0x000000070ce00000|  0%| F|  |TAMS 0x000000070cd00000, 0x000000070cd00000| Untracked 
| 178|0x000000070ce00000, 0x000000070ce00000, 0x000000070cf00000|  0%| F|  |TAMS 0x000000070ce00000, 0x000000070ce00000| Untracked 
| 179|0x000000070cf00000, 0x000000070cf00000, 0x000000070d000000|  0%| F|  |TAMS 0x000000070cf00000, 0x000000070cf00000| Untracked 
| 180|0x000000070d000000, 0x000000070d000000, 0x000000070d100000|  0%| F|  |TAMS 0x000000070d000000, 0x000000070d000000| Untracked 
| 181|0x000000070d100000, 0x000000070d100000, 0x000000070d200000|  0%| F|  |TAMS 0x000000070d100000, 0x000000070d100000| Untracked 
| 182|0x000000070d200000, 0x000000070d200000, 0x000000070d300000|  0%| F|  |TAMS 0x000000070d200000, 0x000000070d200000| Untracked 
| 183|0x000000070d300000, 0x000000070d300000, 0x000000070d400000|  0%| F|  |TAMS 0x000000070d300000, 0x000000070d300000| Untracked 
| 184|0x000000070d400000, 0x000000070d400000, 0x000000070d500000|  0%| F|  |TAMS 0x000000070d400000, 0x000000070d400000| Untracked 
| 185|0x000000070d500000, 0x000000070d500000, 0x000000070d600000|  0%| F|  |TAMS 0x000000070d500000, 0x000000070d500000| Untracked 
| 186|0x000000070d600000, 0x000000070d600000, 0x000000070d700000|  0%| F|  |TAMS 0x000000070d600000, 0x000000070d600000| Untracked 
| 187|0x000000070d700000, 0x000000070d700000, 0x000000070d800000|  0%| F|  |TAMS 0x000000070d700000, 0x000000070d700000| Untracked 
| 188|0x000000070d800000, 0x000000070d800000, 0x000000070d900000|  0%| F|  |TAMS 0x000000070d800000, 0x000000070d800000| Untracked 
| 189|0x000000070d900000, 0x000000070d900000, 0x000000070da00000|  0%| F|  |TAMS 0x000000070d900000, 0x000000070d900000| Untracked 
| 190|0x000000070da00000, 0x000000070da00000, 0x000000070db00000|  0%| F|  |TAMS 0x000000070da00000, 0x000000070da00000| Untracked 
| 191|0x000000070db00000, 0x000000070db00000, 0x000000070dc00000|  0%| F|  |TAMS 0x000000070db00000, 0x000000070db00000| Untracked 
| 192|0x000000070dc00000, 0x000000070dc00000, 0x000000070dd00000|  0%| F|  |TAMS 0x000000070dc00000, 0x000000070dc00000| Untracked 
| 193|0x000000070dd00000, 0x000000070dd00000, 0x000000070de00000|  0%| F|  |TAMS 0x000000070dd00000, 0x000000070dd00000| Untracked 
| 194|0x000000070de00000, 0x000000070de00000, 0x000000070df00000|  0%| F|  |TAMS 0x000000070de00000, 0x000000070de00000| Untracked 
| 195|0x000000070df00000, 0x000000070df00000, 0x000000070e000000|  0%| F|  |TAMS 0x000000070df00000, 0x000000070df00000| Untracked 
| 196|0x000000070e000000, 0x000000070e000000, 0x000000070e100000|  0%| F|  |TAMS 0x000000070e000000, 0x000000070e000000| Untracked 
| 197|0x000000070e100000, 0x000000070e100000, 0x000000070e200000|  0%| F|  |TAMS 0x000000070e100000, 0x000000070e100000| Untracked 
| 198|0x000000070e200000, 0x000000070e200000, 0x000000070e300000|  0%| F|  |TAMS 0x000000070e200000, 0x000000070e200000| Untracked 
| 199|0x000000070e300000, 0x000000070e300000, 0x000000070e400000|  0%| F|  |TAMS 0x000000070e300000, 0x000000070e300000| Untracked 
| 200|0x000000070e400000, 0x000000070e400000, 0x000000070e500000|  0%| F|  |TAMS 0x000000070e400000, 0x000000070e400000| Untracked 
| 201|0x000000070e500000, 0x000000070e500000, 0x000000070e600000|  0%| F|  |TAMS 0x000000070e500000, 0x000000070e500000| Untracked 
| 202|0x000000070e600000, 0x000000070e600000, 0x000000070e700000|  0%| F|  |TAMS 0x000000070e600000, 0x000000070e600000| Untracked 
| 203|0x000000070e700000, 0x000000070e700000, 0x000000070e800000|  0%| F|  |TAMS 0x000000070e700000, 0x000000070e700000| Untracked 
| 204|0x000000070e800000, 0x000000070e800000, 0x000000070e900000|  0%| F|  |TAMS 0x000000070e800000, 0x000000070e800000| Untracked 
| 205|0x000000070e900000, 0x000000070e900000, 0x000000070ea00000|  0%| F|  |TAMS 0x000000070e900000, 0x000000070e900000| Untracked 
| 206|0x000000070ea00000, 0x000000070ea00000, 0x000000070eb00000|  0%| F|  |TAMS 0x000000070ea00000, 0x000000070ea00000| Untracked 
| 207|0x000000070eb00000, 0x000000070eb00000, 0x000000070ec00000|  0%| F|  |TAMS 0x000000070eb00000, 0x000000070eb00000| Untracked 
| 208|0x000000070ec00000, 0x000000070ec00000, 0x000000070ed00000|  0%| F|  |TAMS 0x000000070ec00000, 0x000000070ec00000| Untracked 
| 209|0x000000070ed00000, 0x000000070ed00000, 0x000000070ee00000|  0%| F|  |TAMS 0x000000070ed00000, 0x000000070ed00000| Untracked 
| 210|0x000000070ee00000, 0x000000070ee00000, 0x000000070ef00000|  0%| F|  |TAMS 0x000000070ee00000, 0x000000070ee00000| Untracked 
| 211|0x000000070ef00000, 0x000000070ef00000, 0x000000070f000000|  0%| F|  |TAMS 0x000000070ef00000, 0x000000070ef00000| Untracked 
| 212|0x000000070f000000, 0x000000070f000000, 0x000000070f100000|  0%| F|  |TAMS 0x000000070f000000, 0x000000070f000000| Untracked 
| 213|0x000000070f100000, 0x000000070f100000, 0x000000070f200000|  0%| F|  |TAMS 0x000000070f100000, 0x000000070f100000| Untracked 
| 214|0x000000070f200000, 0x000000070f200000, 0x000000070f300000|  0%| F|  |TAMS 0x000000070f200000, 0x000000070f200000| Untracked 
| 215|0x000000070f300000, 0x000000070f300000, 0x000000070f400000|  0%| F|  |TAMS 0x000000070f300000, 0x000000070f300000| Untracked 
| 216|0x000000070f400000, 0x000000070f400000, 0x000000070f500000|  0%| F|  |TAMS 0x000000070f400000, 0x000000070f400000| Untracked 
| 217|0x000000070f500000, 0x000000070f500000, 0x000000070f600000|  0%| F|  |TAMS 0x000000070f500000, 0x000000070f500000| Untracked 
| 218|0x000000070f600000, 0x000000070f600000, 0x000000070f700000|  0%| F|  |TAMS 0x000000070f600000, 0x000000070f600000| Untracked 
| 219|0x000000070f700000, 0x000000070f700000, 0x000000070f800000|  0%| F|  |TAMS 0x000000070f700000, 0x000000070f700000| Untracked 
| 220|0x000000070f800000, 0x000000070f800000, 0x000000070f900000|  0%| F|  |TAMS 0x000000070f800000, 0x000000070f800000| Untracked 
| 221|0x000000070f900000, 0x000000070f900000, 0x000000070fa00000|  0%| F|  |TAMS 0x000000070f900000, 0x000000070f900000| Untracked 
| 222|0x000000070fa00000, 0x000000070fa00000, 0x000000070fb00000|  0%| F|  |TAMS 0x000000070fa00000, 0x000000070fa00000| Untracked 
| 223|0x000000070fb00000, 0x000000070fb00000, 0x000000070fc00000|  0%| F|  |TAMS 0x000000070fb00000, 0x000000070fb00000| Untracked 
| 224|0x000000070fc00000, 0x000000070fc00000, 0x000000070fd00000|  0%| F|  |TAMS 0x000000070fc00000, 0x000000070fc00000| Untracked 
| 225|0x000000070fd00000, 0x000000070fd00000, 0x000000070fe00000|  0%| F|  |TAMS 0x000000070fd00000, 0x000000070fd00000| Untracked 
| 226|0x000000070fe00000, 0x000000070fe00000, 0x000000070ff00000|  0%| F|  |TAMS 0x000000070fe00000, 0x000000070fe00000| Untracked 
| 227|0x000000070ff00000, 0x000000070ff00000, 0x0000000710000000|  0%| F|  |TAMS 0x000000070ff00000, 0x000000070ff00000| Untracked 
| 228|0x0000000710000000, 0x0000000710000000, 0x0000000710100000|  0%| F|  |TAMS 0x0000000710000000, 0x0000000710000000| Untracked 
| 229|0x0000000710100000, 0x0000000710100000, 0x0000000710200000|  0%| F|  |TAMS 0x0000000710100000, 0x0000000710100000| Untracked 
| 230|0x0000000710200000, 0x0000000710200000, 0x0000000710300000|  0%| F|  |TAMS 0x0000000710200000, 0x0000000710200000| Untracked 
| 231|0x0000000710300000, 0x0000000710300000, 0x0000000710400000|  0%| F|  |TAMS 0x0000000710300000, 0x0000000710300000| Untracked 
| 232|0x0000000710400000, 0x0000000710400000, 0x0000000710500000|  0%| F|  |TAMS 0x0000000710400000, 0x0000000710400000| Untracked 
| 233|0x0000000710500000, 0x0000000710500000, 0x0000000710600000|  0%| F|  |TAMS 0x0000000710500000, 0x0000000710500000| Untracked 
| 234|0x0000000710600000, 0x0000000710600000, 0x0000000710700000|  0%| F|  |TAMS 0x0000000710600000, 0x0000000710600000| Untracked 
| 235|0x0000000710700000, 0x0000000710700000, 0x0000000710800000|  0%| F|  |TAMS 0x0000000710700000, 0x0000000710700000| Untracked 
| 236|0x0000000710800000, 0x0000000710800000, 0x0000000710900000|  0%| F|  |TAMS 0x0000000710800000, 0x0000000710800000| Untracked 
| 237|0x0000000710900000, 0x0000000710900000, 0x0000000710a00000|  0%| F|  |TAMS 0x0000000710900000, 0x0000000710900000| Untracked 
| 238|0x0000000710a00000, 0x0000000710a00000, 0x0000000710b00000|  0%| F|  |TAMS 0x0000000710a00000, 0x0000000710a00000| Untracked 
| 239|0x0000000710b00000, 0x0000000710b00000, 0x0000000710c00000|  0%| F|  |TAMS 0x0000000710b00000, 0x0000000710b00000| Untracked 
| 240|0x0000000710c00000, 0x0000000710c00000, 0x0000000710d00000|  0%| F|  |TAMS 0x0000000710c00000, 0x0000000710c00000| Untracked 
| 241|0x0000000710d00000, 0x0000000710d00000, 0x0000000710e00000|  0%| F|  |TAMS 0x0000000710d00000, 0x0000000710d00000| Untracked 
| 242|0x0000000710e00000, 0x0000000710e00000, 0x0000000710f00000|  0%| F|  |TAMS 0x0000000710e00000, 0x0000000710e00000| Untracked 
| 243|0x0000000710f00000, 0x0000000710f88010, 0x0000000711000000| 53%| E|  |TAMS 0x0000000710f00000, 0x0000000710f00000| Complete 
| 244|0x0000000711000000, 0x0000000711100000, 0x0000000711100000|100%| E|CS|TAMS 0x0000000711000000, 0x0000000711000000| Complete 
| 245|0x0000000711100000, 0x0000000711200000, 0x0000000711200000|100%| E|CS|TAMS 0x0000000711100000, 0x0000000711100000| Complete 
| 246|0x0000000711200000, 0x0000000711300000, 0x0000000711300000|100%| E|CS|TAMS 0x0000000711200000, 0x0000000711200000| Complete 
| 247|0x0000000711300000, 0x0000000711400000, 0x0000000711400000|100%| E|CS|TAMS 0x0000000711300000, 0x0000000711300000| Complete 
| 248|0x0000000711400000, 0x0000000711500000, 0x0000000711500000|100%| E|CS|TAMS 0x0000000711400000, 0x0000000711400000| Complete 
| 249|0x0000000711500000, 0x0000000711600000, 0x0000000711600000|100%| E|CS|TAMS 0x0000000711500000, 0x0000000711500000| Complete 
| 250|0x0000000711600000, 0x0000000711700000, 0x0000000711700000|100%| E|CS|TAMS 0x0000000711600000, 0x0000000711600000| Complete 
| 251|0x0000000711700000, 0x0000000711800000, 0x0000000711800000|100%| E|CS|TAMS 0x0000000711700000, 0x0000000711700000| Complete 
| 252|0x0000000711800000, 0x0000000711900000, 0x0000000711900000|100%| E|CS|TAMS 0x0000000711800000, 0x0000000711800000| Complete 
| 253|0x0000000711900000, 0x0000000711a00000, 0x0000000711a00000|100%| E|CS|TAMS 0x0000000711900000, 0x0000000711900000| Complete 
| 254|0x0000000711a00000, 0x0000000711b00000, 0x0000000711b00000|100%| E|CS|TAMS 0x0000000711a00000, 0x0000000711a00000| Complete 
| 255|0x0000000711b00000, 0x0000000711c00000, 0x0000000711c00000|100%| E|CS|TAMS 0x0000000711b00000, 0x0000000711b00000| Complete 

Card table byte_map: [0x0000017544150000,0x0000017544950000] _byte_map_base: 0x0000017540942000

Marking Bits (Prev, Next): (CMBitMap*) 0x00000175305d3840, (CMBitMap*) 0x00000175305d3808
 Prev Bits: [0x00000175490e0000, 0x000001754d070000)
 Next Bits: [0x0000017545150000, 0x00000175490e0000)

Polling page: 0x000001752e550000

Metaspace:

Usage:
  Non-class:     24.88 MB capacity,    24.50 MB ( 98%) used,   313.26 KB (  1%) free+waste,    72.13 KB ( <1%) overhead. 
      Class:      3.47 MB capacity,     3.22 MB ( 93%) used,   215.59 KB (  6%) free+waste,    34.50 KB ( <1%) overhead. 
       Both:     28.35 MB capacity,    27.73 MB ( 98%) used,   528.84 KB (  2%) free+waste,   106.63 KB ( <1%) overhead. 

Virtual space:
  Non-class space:       26.00 MB reserved,      25.00 MB ( 96%) committed 
      Class space:        1.00 GB reserved,       3.50 MB ( <1%) committed 
             Both:        1.03 GB reserved,      28.50 MB (  3%) committed 

Chunk freelists:
   Non-Class:  61.00 KB
       Class:  0 bytes
        Both:  61.00 KB

MaxMetaspaceSize: 17179869184.00 GB
CompressedClassSpaceSize: 1.00 GB

CodeHeap 'non-profiled nmethods': size=120000Kb used=1139Kb max_used=1139Kb free=118860Kb
 bounds [0x000001753c0f0000, 0x000001753c360000, 0x0000017543620000]
CodeHeap 'profiled nmethods': size=120000Kb used=5285Kb max_used=5285Kb free=114715Kb
 bounds [0x0000017534bc0000, 0x00000175350f0000, 0x000001753c0f0000]
CodeHeap 'non-nmethods': size=5760Kb used=1134Kb max_used=1175Kb free=4625Kb
 bounds [0x0000017534620000, 0x0000017534890000, 0x0000017534bc0000]
 total_blobs=3938 nmethods=2473 adapters=356
 compilation: enabled
              stopped_count=0, restarted_count=0
 full_count=0

Compilation events (20 events):
Event: 1.628 Thread 0x0000017550519000 2496       3       org.springframework.boot.autoconfigure.condition.ConditionOutcome::<init> (21 bytes)
Event: 1.628 Thread 0x0000017550519000 nmethod 2496 0x00000175350a3490 code [0x00000175350a3660, 0x00000175350a3a10]
Event: 1.629 Thread 0x0000017550519000 2498       3       org.springframework.core.annotation.MergedAnnotationsCollection::<init> (115 bytes)
Event: 1.630 Thread 0x0000017550519000 nmethod 2498 0x00000175350a3b90 code [0x00000175350a3ea0, 0x00000175350a5400]
Event: 1.630 Thread 0x0000017550519000 2499       3       org.springframework.core.type.AnnotatedTypeMetadata::getAllAnnotationAttributes (59 bytes)
Event: 1.630 Thread 0x0000017550519000 nmethod 2499 0x00000175350a5a10 code [0x00000175350a5d80, 0x00000175350a75a0]
Event: 1.630 Thread 0x0000017550519000 2500       3       org.springframework.core.annotation.MergedAnnotationsCollection::stream (10 bytes)
Event: 1.631 Thread 0x0000017550519000 nmethod 2500 0x00000175350a7c90 code [0x00000175350a7ec0, 0x00000175350a8640]
Event: 1.631 Thread 0x0000017550519000 2501       3       java.lang.reflect.Constructor::getParameterTypes (11 bytes)
Event: 1.631 Thread 0x0000017550519000 nmethod 2501 0x00000175350a8890 code [0x00000175350a8a60, 0x00000175350a8d90]
Event: 1.631 Thread 0x0000017550519000 2502       3       java.lang.StackTraceElement::<init> (10 bytes)
Event: 1.631 Thread 0x0000017550519000 nmethod 2502 0x00000175350a8e90 code [0x00000175350a9040, 0x00000175350a91f8]
Event: 1.631 Thread 0x0000017550519000 2503  s!   3       java.lang.StackTraceElement::computeFormat (71 bytes)
Event: 1.632 Thread 0x0000017550519000 nmethod 2503 0x00000175350a9290 code [0x00000175350a94c0, 0x00000175350a9ee0]
Event: 1.632 Thread 0x0000017550519000 2504       3       java.lang.StackTraceElement::isHashedInJavaBase (31 bytes)
Event: 1.632 Thread 0x0000017550519000 nmethod 2504 0x00000175350aa190 code [0x00000175350aa3a0, 0x00000175350aa900]
Event: 1.632 Thread 0x0000017550519000 2505       3       java.io.ByteArrayOutputStream::close (1 bytes)
Event: 1.632 Thread 0x0000017550519000 nmethod 2505 0x00000175350aaa90 code [0x00000175350aac40, 0x00000175350aad98]
Event: 1.633 Thread 0x0000017550519000 2506       1       org.springframework.core.type.classreading.SimpleMetadataReader::getResource (5 bytes)
Event: 1.633 Thread 0x0000017550519000 nmethod 2506 0x000001753c205290 code [0x000001753c205440, 0x000001753c205558]

GC Heap History (6 events):
Event: 0.614 GC heap before
{Heap before GC invocations=0 (full 0):
 garbage-first heap   total 262144K, used 24576K [0x0000000701c00000, 0x0000000800000000)
  region size 1024K, 24 young (24576K), 0 survivors (0K)
 Metaspace       used 11069K, capacity 11314K, committed 11392K, reserved 1058816K
  class space    used 1070K, capacity 1134K, committed 1152K, reserved 1048576K
}
Event: 0.618 GC heap after
{Heap after GC invocations=1 (full 0):
 garbage-first heap   total 262144K, used 6416K [0x0000000701c00000, 0x0000000800000000)
  region size 1024K, 3 young (3072K), 3 survivors (3072K)
 Metaspace       used 11069K, capacity 11314K, committed 11392K, reserved 1058816K
  class space    used 1070K, capacity 1134K, committed 1152K, reserved 1048576K
}
Event: 1.108 GC heap before
{Heap before GC invocations=1 (full 0):
 garbage-first heap   total 262144K, used 92432K [0x0000000701c00000, 0x0000000800000000)
  region size 1024K, 89 young (91136K), 3 survivors (3072K)
 Metaspace       used 20764K, capacity 21216K, committed 21248K, reserved 1069056K
  class space    used 2393K, capacity 2553K, committed 2560K, reserved 1048576K
}
Event: 1.113 GC heap after
{Heap after GC invocations=2 (full 0):
 garbage-first heap   total 262144K, used 8845K [0x0000000701c00000, 0x0000000800000000)
  region size 1024K, 6 young (6144K), 6 survivors (6144K)
 Metaspace       used 20764K, capacity 21216K, committed 21248K, reserved 1069056K
  class space    used 2393K, capacity 2553K, committed 2560K, reserved 1048576K
}
Event: 1.566 GC heap before
{Heap before GC invocations=3 (full 0):
 garbage-first heap   total 262144K, used 98957K [0x0000000701c00000, 0x0000000800000000)
  region size 1024K, 95 young (97280K), 6 survivors (6144K)
 Metaspace       used 27682K, capacity 28217K, committed 28288K, reserved 1075200K
  class space    used 3214K, capacity 3435K, committed 3456K, reserved 1048576K
}
Event: 1.571 GC heap after
{Heap after GC invocations=4 (full 0):
 garbage-first heap   total 262144K, used 10773K [0x0000000701c00000, 0x0000000800000000)
  region size 1024K, 8 young (8192K), 8 survivors (8192K)
 Metaspace       used 27682K, capacity 28217K, committed 28288K, reserved 1075200K
  class space    used 3214K, capacity 3435K, committed 3456K, reserved 1048576K
}

Deoptimization events (20 events):
Event: 1.279 Thread 0x0000017550987800 Uncommon trap: trap_request=0xffffff4d fr.pc=0x000001753c18a25c relative=0x000000000000031c
Event: 1.279 Thread 0x0000017550987800 Uncommon trap: reason=unstable_if action=reinterpret pc=0x000001753c18a25c method=java.lang.String.<init>([CIILjava/lang/Void;)V @ 5 c2
Event: 1.279 Thread 0x0000017550987800 DEOPT PACKING pc=0x000001753c18a25c sp=0x000000404f3fda50
Event: 1.279 Thread 0x0000017550987800 DEOPT UNPACKING pc=0x00000175346491af sp=0x000000404f3fda10 mode 2
Event: 1.287 Thread 0x0000017550987800 Uncommon trap: trap_request=0xffffff4d fr.pc=0x000001753c183ab0 relative=0x0000000000000cd0
Event: 1.287 Thread 0x0000017550987800 Uncommon trap: reason=unstable_if action=reinterpret pc=0x000001753c183ab0 method=org.springframework.boot.context.properties.source.ConfigurationPropertyName$ElementType.allowsFastEqualityCheck()Z @ 11 c2
Event: 1.287 Thread 0x0000017550987800 DEOPT PACKING pc=0x000001753c183ab0 sp=0x000000404f3fcf40
Event: 1.287 Thread 0x0000017550987800 DEOPT UNPACKING pc=0x00000175346491af sp=0x000000404f3fcda8 mode 2
Event: 1.304 Thread 0x0000017550e1f000 Uncommon trap: trap_request=0xffffff4d fr.pc=0x000001753c15d0cc relative=0x00000000000004ac
Event: 1.304 Thread 0x0000017550e1f000 Uncommon trap: reason=unstable_if action=reinterpret pc=0x000001753c15d0cc method=jdk.internal.org.objectweb.asm.Type.getArgumentsAndReturnSizes(Ljava/lang/String;)I @ 47 c2
Event: 1.304 Thread 0x0000017550e1f000 DEOPT PACKING pc=0x000001753c15d0cc sp=0x000000404f4fc3d0
Event: 1.304 Thread 0x0000017550e1f000 DEOPT UNPACKING pc=0x00000175346491af sp=0x000000404f4fc360 mode 2
Event: 1.304 Thread 0x0000017550e1f000 Uncommon trap: trap_request=0xffffff4d fr.pc=0x000001753c1c1294 relative=0x00000000000031d4
Event: 1.304 Thread 0x0000017550e1f000 Uncommon trap: reason=unstable_if action=reinterpret pc=0x000001753c1c1294 method=jdk.internal.org.objectweb.asm.Frame.push(Ljdk/internal/org/objectweb/asm/ClassWriter;Ljava/lang/String;)V @ 18 c2
Event: 1.304 Thread 0x0000017550e1f000 DEOPT PACKING pc=0x000001753c1c1294 sp=0x000000404f4fc3d0
Event: 1.304 Thread 0x0000017550e1f000 DEOPT UNPACKING pc=0x00000175346491af sp=0x000000404f4fc2f0 mode 2
Event: 1.623 Thread 0x0000017550987800 Uncommon trap: trap_request=0xffffffcc fr.pc=0x000001753c203bdc relative=0x000000000000123c
Event: 1.623 Thread 0x0000017550987800 Uncommon trap: reason=intrinsic_or_type_checked_inlining action=make_not_entrant pc=0x000001753c203bdc method=java.util.ArrayList.toArray([Ljava/lang/Object;)[Ljava/lang/Object; @ 36 c2
Event: 1.623 Thread 0x0000017550987800 DEOPT PACKING pc=0x000001753c203bdc sp=0x000000404f3fcf60
Event: 1.623 Thread 0x0000017550987800 DEOPT UNPACKING pc=0x00000175346491af sp=0x000000404f3fcec0 mode 2

Classes redefined (0 events):
No events

Internal exceptions (20 events):
Event: 1.184 Thread 0x0000017550987800 Exception <a 'java/lang/ClassNotFoundException'{0x00000007111a8030}: java/lang/ObjectCustomizer> (0x00000007111a8030) thrown at [c:/BuildAgent/work/5ff2f6c26000d570/src/hotspot/share/classfile/systemDictionary.cpp, line 231]
Event: 1.188 Thread 0x0000017550987800 Exception <a 'java/lang/ClassNotFoundException'{0x00000007111bcc80}: org/springframework/context/annotation/ConfigurationClassPostProcessorCustomizer> (0x00000007111bcc80) thrown at [c:/BuildAgent/work/5ff2f6c26000d570/src/hotspot/share/classfile/systemDi
Event: 1.196 Thread 0x0000017550987800 Exception <a 'java/lang/ClassNotFoundException'{0x0000000710f23128}: org/springframework/beans/factory/support/BeanDefinitionRegistryPostProcessorCustomizer> (0x0000000710f23128) thrown at [c:/BuildAgent/work/5ff2f6c26000d570/src/hotspot/share/classfile/s
Event: 1.196 Thread 0x0000017550987800 Exception <a 'java/lang/ClassNotFoundException'{0x0000000710f32d18}: org/springframework/beans/factory/config/BeanFactoryPostProcessorCustomizer> (0x0000000710f32d18) thrown at [c:/BuildAgent/work/5ff2f6c26000d570/src/hotspot/share/classfile/systemDiction
Event: 1.197 Thread 0x0000017550987800 Exception <a 'java/lang/ClassNotFoundException'{0x0000000710f3fe78}: org/springframework/core/PriorityOrderedCustomizer> (0x0000000710f3fe78) thrown at [c:/BuildAgent/work/5ff2f6c26000d570/src/hotspot/share/classfile/systemDictionary.cpp, line 231]
Event: 1.197 Thread 0x0000017550987800 Exception <a 'java/lang/ClassNotFoundException'{0x0000000710f4b188}: org/springframework/core/OrderedCustomizer> (0x0000000710f4b188) thrown at [c:/BuildAgent/work/5ff2f6c26000d570/src/hotspot/share/classfile/systemDictionary.cpp, line 231]
Event: 1.198 Thread 0x0000017550987800 Exception <a 'java/lang/ClassNotFoundException'{0x0000000710f58998}: org/springframework/context/ResourceLoaderAwareCustomizer> (0x0000000710f58998) thrown at [c:/BuildAgent/work/5ff2f6c26000d570/src/hotspot/share/classfile/systemDictionary.cpp, line 231]
Event: 1.199 Thread 0x0000017550987800 Exception <a 'java/lang/ClassNotFoundException'{0x0000000710f656f0}: org/springframework/beans/factory/AwareCustomizer> (0x0000000710f656f0) thrown at [c:/BuildAgent/work/5ff2f6c26000d570/src/hotspot/share/classfile/systemDictionary.cpp, line 231]
Event: 1.199 Thread 0x0000017550987800 Exception <a 'java/lang/ClassNotFoundException'{0x0000000710f72c90}: org/springframework/beans/factory/BeanClassLoaderAwareCustomizer> (0x0000000710f72c90) thrown at [c:/BuildAgent/work/5ff2f6c26000d570/src/hotspot/share/classfile/systemDictionary.cpp, li
Event: 1.200 Thread 0x0000017550987800 Exception <a 'java/lang/ClassNotFoundException'{0x0000000710f7fa00}: org/springframework/beans/factory/AwareCustomizer> (0x0000000710f7fa00) thrown at [c:/BuildAgent/work/5ff2f6c26000d570/src/hotspot/share/classfile/systemDictionary.cpp, line 231]
Event: 1.200 Thread 0x0000017550987800 Exception <a 'java/lang/ClassNotFoundException'{0x0000000710e0bd60}: org/springframework/context/EnvironmentAwareCustomizer> (0x0000000710e0bd60) thrown at [c:/BuildAgent/work/5ff2f6c26000d570/src/hotspot/share/classfile/systemDictionary.cpp, line 231]
Event: 1.201 Thread 0x0000017550987800 Exception <a 'java/lang/ClassNotFoundException'{0x0000000710e18a20}: org/springframework/beans/factory/AwareCustomizer> (0x0000000710e18a20) thrown at [c:/BuildAgent/work/5ff2f6c26000d570/src/hotspot/share/classfile/systemDictionary.cpp, line 231]
Event: 1.304 Thread 0x0000017550e1f000 Exception <a 'java/lang/NoSuchMethodError'{0x000000070fed4658}: 'long java.lang.invoke.DirectMethodHandle$Holder.invokeSpecial(java.lang.Object, java.lang.Object)'> (0x000000070fed4658) thrown at [c:/BuildAgent/work/5ff2f6c26000d570/src/hotspot/share/inte
Event: 1.306 Thread 0x0000017550e1f000 Exception <a 'java/lang/NoSuchMethodError'{0x000000070fededa8}: 'long java.lang.invoke.DirectMethodHandle$Holder.invokeStatic(java.lang.Object, java.lang.Object)'> (0x000000070fededa8) thrown at [c:/BuildAgent/work/5ff2f6c26000d570/src/hotspot/share/inter
Event: 1.307 Thread 0x0000017550e1f000 Exception <a 'java/lang/NoSuchMethodError'{0x000000070fee1bd0}: 'long java.lang.invoke.DirectMethodHandle$Holder.invokeStaticInit(java.lang.Object, java.lang.Object)'> (0x000000070fee1bd0) thrown at [c:/BuildAgent/work/5ff2f6c26000d570/src/hotspot/share/i
Event: 1.308 Thread 0x0000017550e1f000 Exception <a 'java/lang/NoSuchMethodError'{0x000000070feee090}: 'long java.lang.invoke.DirectMethodHandle$Holder.invokeInterface(java.lang.Object, java.lang.Object)'> (0x000000070feee090) thrown at [c:/BuildAgent/work/5ff2f6c26000d570/src/hotspot/share/in
Event: 1.309 Thread 0x0000017550e1f000 Exception <a 'java/lang/IncompatibleClassChangeError'{0x000000070fef0e28}: Found class java.lang.Object, but interface was expected> (0x000000070fef0e28) thrown at [c:/BuildAgent/work/5ff2f6c26000d570/src/hotspot/share/interpreter/linkResolver.cpp, line 8
Event: 1.320 Thread 0x0000017550e1f000 Exception <a 'java/lang/NoSuchMethodError'{0x000000070d818a60}: 'java.lang.Object java.lang.invoke.DirectMethodHandle$Holder.invokeVirtual(java.lang.Object, java.lang.Object, java.lang.Object, java.lang.Object)'> (0x000000070d818a60) thrown at [c:/BuildAg
Event: 1.360 Thread 0x0000017550987800 Exception <a 'java/lang/IncompatibleClassChangeError'{0x000000070d4804e0}: Found class java.lang.Object, but interface was expected> (0x000000070d4804e0) thrown at [c:/BuildAgent/work/5ff2f6c26000d570/src/hotspot/share/interpreter/linkResolver.cpp, line 8
Event: 1.380 Thread 0x0000017550987800 Exception <a 'java/lang/NoSuchMethodError'{0x000000070d20d0d8}: 'void java.lang.invoke.DirectMethodHandle$Holder.invokeInterface(java.lang.Object, java.lang.Object, java.lang.Object, java.lang.Object)'> (0x000000070d20d0d8) thrown at [c:/BuildAgent/work/5

Events (20 events):
Event: 1.623 Executing VM operation: RevokeBias
Event: 1.623 Executing VM operation: RevokeBias done
Event: 1.625 loading class reactor/netty/http/server/HttpServer
Event: 1.625 loading class reactor/netty/http/server/HttpServer done
Event: 1.625 loading class io/undertow/Undertow
Event: 1.625 loading class io/undertow/Undertow done
Event: 1.625 loading class org/xnio/SslClientAuthMode
Event: 1.625 loading class org/xnio/SslClientAuthMode done
Event: 1.625 loading class org/eclipse/jetty/server/Server
Event: 1.625 loading class org/eclipse/jetty/server/Server done
Event: 1.626 loading class org/eclipse/jetty/util/Loader
Event: 1.626 loading class org/eclipse/jetty/util/Loader done
Event: 1.626 loading class org/eclipse/jetty/webapp/WebAppContext
Event: 1.626 loading class org/eclipse/jetty/webapp/WebAppContext done
Event: 1.630 loading class org/springframework/boot/devtools/autoconfigure/OnEnabledDevToolsCondition
Event: 1.630 loading class org/springframework/boot/devtools/autoconfigure/OnEnabledDevToolsCondition done
Event: 1.631 loading class org/springframework/boot/devtools/autoconfigure/DevToolsDataSourceAutoConfiguration$DevToolsDataSourceCondition
Event: 1.631 loading class org/springframework/boot/devtools/autoconfigure/DevToolsDataSourceAutoConfiguration$DevToolsDataSourceCondition done
Event: 1.635 loading class org/springframework/boot/devtools/restart/RestartScope
Event: 1.635 loading class org/springframework/boot/devtools/restart/RestartScope done


Dynamic libraries:
0x00007ff7dbbc0000 - 0x00007ff7dbbca000 	C:\Program Files\JetBrains\IntelliJ IDEA Community Edition 2019.2.4\jbr\bin\java.exe
0x00007ff9d9850000 - 0x00007ff9d9a3d000 	C:\Windows\SYSTEM32\ntdll.dll
0x00007ff9d76e0000 - 0x00007ff9d7793000 	C:\Windows\System32\KERNEL32.DLL
0x00007ff9d5e30000 - 0x00007ff9d60c3000 	C:\Windows\System32\KERNELBASE.dll
0x00007ff9d68f0000 - 0x00007ff9d69ea000 	C:\Windows\System32\ucrtbase.dll
0x00007ff9cc740000 - 0x00007ff9cc759000 	C:\Program Files\JetBrains\IntelliJ IDEA Community Edition 2019.2.4\jbr\bin\jli.dll
0x00007ff9cba70000 - 0x00007ff9cba87000 	C:\Program Files\JetBrains\IntelliJ IDEA Community Edition 2019.2.4\jbr\bin\VCRUNTIME140.dll
0x00007ff9d7020000 - 0x00007ff9d71b7000 	C:\Windows\System32\USER32.dll
0x00007ff9ad730000 - 0x00007ff9ad9a9000 	C:\Windows\WinSxS\amd64_microsoft.windows.common-controls_6595b64144ccf1df_6.0.17763.1098_none_de762ed45346ee8a\COMCTL32.dll
0x00007ff9d60d0000 - 0x00007ff9d60f0000 	C:\Windows\System32\win32u.dll
0x00007ff9d7860000 - 0x00007ff9d78fe000 	C:\Windows\System32\msvcrt.dll
0x00007ff9d6ff0000 - 0x00007ff9d7019000 	C:\Windows\System32\GDI32.dll
0x00007ff9d73b0000 - 0x00007ff9d76dc000 	C:\Windows\System32\combase.dll
0x00007ff9d59e0000 - 0x00007ff9d5b79000 	C:\Windows\System32\gdi32full.dll
0x00007ff9d7ea0000 - 0x00007ff9d7fc2000 	C:\Windows\System32\RPCRT4.dll
0x00007ff9d5b80000 - 0x00007ff9d5c20000 	C:\Windows\System32\msvcp_win.dll
0x00007ff9d69f0000 - 0x00007ff9d6a6e000 	C:\Windows\System32\bcryptPrimitives.dll
0x00007ff9d71c0000 - 0x00007ff9d71ee000 	C:\Windows\System32\IMM32.DLL
0x00007ff9a5fc0000 - 0x00007ff9a605d000 	C:\Program Files\JetBrains\IntelliJ IDEA Community Edition 2019.2.4\jbr\bin\msvcp140.dll
0x00007ff985990000 - 0x00007ff98644b000 	C:\Program Files\JetBrains\IntelliJ IDEA Community Edition 2019.2.4\jbr\bin\server\jvm.dll
0x00007ff9d77b0000 - 0x00007ff9d7853000 	C:\Windows\System32\ADVAPI32.dll
0x00007ff9d7900000 - 0x00007ff9d799e000 	C:\Windows\System32\sechost.dll
0x00007ff9d73a0000 - 0x00007ff9d73a8000 	C:\Windows\System32\PSAPI.DLL
0x00007ff9c7f20000 - 0x00007ff9c7f29000 	C:\Windows\SYSTEM32\WSOCK32.dll
0x00007ff9ca870000 - 0x00007ff9ca894000 	C:\Windows\SYSTEM32\WINMM.dll
0x00007ff9d07b0000 - 0x00007ff9d07ba000 	C:\Windows\SYSTEM32\VERSION.dll
0x00007ff9d6ec0000 - 0x00007ff9d6f2d000 	C:\Windows\System32\WS2_32.dll
0x00007ff9ca840000 - 0x00007ff9ca86d000 	C:\Windows\SYSTEM32\WINMMBASE.dll
0x00007ff9d5990000 - 0x00007ff9d59da000 	C:\Windows\System32\cfgmgr32.dll
0x00007ff9d5860000 - 0x00007ff9d5871000 	C:\Windows\System32\kernel.appcore.dll
0x00007ff9cfff0000 - 0x00007ff9d0001000 	C:\Program Files\JetBrains\IntelliJ IDEA Community Edition 2019.2.4\jbr\bin\verify.dll
0x00007ff9d41a0000 - 0x00007ff9d438d000 	C:\Windows\SYSTEM32\DBGHELP.DLL
0x00007ff9cce50000 - 0x00007ff9cce7a000 	C:\Windows\SYSTEM32\dbgcore.DLL
0x00007ff9cffc0000 - 0x00007ff9cffe9000 	C:\Program Files\JetBrains\IntelliJ IDEA Community Edition 2019.2.4\jbr\bin\java.dll
0x00007ff9cffa0000 - 0x00007ff9cffb7000 	C:\Program Files\JetBrains\IntelliJ IDEA Community Edition 2019.2.4\jbr\bin\zip.dll
0x00007ff9d0e60000 - 0x00007ff9d0e6b000 	C:\Program Files\JetBrains\IntelliJ IDEA Community Edition 2019.2.4\jbr\bin\jimage.dll
0x00007ff9d8320000 - 0x00007ff9d9814000 	C:\Windows\System32\SHELL32.dll
0x00007ff9d6e10000 - 0x00007ff9d6eb8000 	C:\Windows\System32\shcore.dll
0x00007ff9d61a0000 - 0x00007ff9d68ed000 	C:\Windows\System32\windows.storage.dll
0x00007ff9d5880000 - 0x00007ff9d58a4000 	C:\Windows\System32\profapi.dll
0x00007ff9d58b0000 - 0x00007ff9d590d000 	C:\Windows\System32\powrprof.dll
0x00007ff9d6a70000 - 0x00007ff9d6ac2000 	C:\Windows\System32\shlwapi.dll
0x00007ff9d5910000 - 0x00007ff9d5927000 	C:\Windows\System32\cryptsp.dll
0x00007ff9cf7b0000 - 0x00007ff9cf7ca000 	C:\Program Files\JetBrains\IntelliJ IDEA Community Edition 2019.2.4\jbr\bin\net.dll
0x00007ff9cbf80000 - 0x00007ff9cc072000 	C:\Windows\SYSTEM32\WINHTTP.dll
0x00007ff9d50b0000 - 0x00007ff9d5117000 	C:\Windows\system32\mswsock.dll
0x00007ff9ce7b0000 - 0x00007ff9ce7c4000 	C:\Program Files\JetBrains\IntelliJ IDEA Community Edition 2019.2.4\jbr\bin\nio.dll
0x00007ff9d0b20000 - 0x00007ff9d0b2a000 	C:\Program Files\JetBrains\IntelliJ IDEA Community Edition 2019.2.4\jbr\bin\management.dll
0x00007ff9d0a20000 - 0x00007ff9d0a2c000 	C:\Program Files\JetBrains\IntelliJ IDEA Community Edition 2019.2.4\jbr\bin\management_ext.dll
0x00007ff9aa5a0000 - 0x00007ff9aa5b6000 	C:\Windows\system32\napinsp.dll
0x00007ff9aa600000 - 0x00007ff9aa61a000 	C:\Windows\system32\pnrpnsp.dll
0x00007ff9ccef0000 - 0x00007ff9ccf05000 	C:\Windows\system32\wshbth.dll
0x00007ff9d0e70000 - 0x00007ff9d0e8b000 	C:\Windows\system32\NLAapi.dll
0x00007ff9d4dd0000 - 0x00007ff9d4e0d000 	C:\Windows\SYSTEM32\IPHLPAPI.DLL
0x00007ff9d4e10000 - 0x00007ff9d4ed6000 	C:\Windows\SYSTEM32\DNSAPI.dll
0x00007ff9d6b30000 - 0x00007ff9d6b38000 	C:\Windows\System32\NSI.dll
0x00007ff9cb490000 - 0x00007ff9cb49e000 	C:\Windows\System32\winrnr.dll
0x00007ff9ca670000 - 0x00007ff9ca67a000 	C:\Windows\System32\rasadhlp.dll
0x00007ff9ca8a0000 - 0x00007ff9ca919000 	C:\Windows\System32\fwpuclnt.dll
0x00007ff9d5c20000 - 0x00007ff9d5c46000 	C:\Windows\System32\bcrypt.dll

dbghelp: loaded successfully - version: 4.0.5 - missing functions: none
symbol engine: initialized successfully - sym options: 0x614 - pdb path: .;C:\Program Files\JetBrains\IntelliJ IDEA Community Edition 2019.2.4\jbr\bin;C:\Windows\SYSTEM32;C:\Windows\WinSxS\amd64_microsoft.windows.common-controls_6595b64144ccf1df_6.0.17763.1098_none_de762ed45346ee8a;C:\Program Files\JetBrains\IntelliJ IDEA Community Edition 2019.2.4\jbr\bin\server

VM Arguments:
jvm_args: -Dfile.encoding=windows-1251 -Duser.country=RU -Duser.language=ru -Duser.variant 
java_command: space.datahub.DatahubApplication
java_class_path (initial): C:\Users\666\IdeaProjects\datahub\build\classes\java\main;C:\Users\666\IdeaProjects\datahub\build\resources\main;C:\Users\666\.gradle\caches\modules-2\files-2.1\org.springframework.boot\spring-boot-starter-data-jpa\2.2.5.RELEASE\fee4ad485421916aa5529c209f882fd180a1cf93\spring-boot-starter-data-jpa-2.2.5.RELEASE.jar;C:\Users\666\.gradle\caches\modules-2\files-2.1\org.postgresql\postgresql\42.2.10\338af492789fd198dbd52735a22b1946030ecc96\postgresql-42.2.10.jar;C:\Users\666\.gradle\caches\modules-2\files-2.1\org.projectlombok\lombok\1.18.12\48e4e5d60309ebd833bc528dcf77668eab3cd72c\lombok-1.18.12.jar;C:\Users\666\.gradle\caches\modules-2\files-2.1\javax.xml.bind\jaxb-api\2.3.1\8531ad5ac454cc2deb9d4d32c40c4d7451939b5d\jaxb-api-2.3.1.jar;C:\Users\666\.gradle\caches\modules-2\files-2.1\org.springframework.boot\spring-boot-starter-thymeleaf\2.2.5.RELEASE\4022d870c07c0963e9f5542d01ec2aebaace7634\spring-boot-starter-thymeleaf-2.2.5.RELEASE.jar;C:\Users\666\.gradle\caches\modules-2\files-2.1\org.springframework.boot\spring-boot-devtools\2.2.5.RELEASE\43d986a4f295434b37b99703de9852e8c914d299\spring-boot-devtools-2.2.5.RELEASE.jar;C:\Users\666\.gradle\caches\modules-2\files-2.1\org.springframework.boot\spring-boot-starter-web\2.2.5.RELEASE\c84df617eb302ea502af8b37406df13f1fe6669b\spring-boot-starter-web-2.2.5.RELEASE.jar;C:\Users\666\.gradle\caches\modules-2\files-2.1\org.springframework.boot\spring-boot-starter-aop\2.2.5.RELEASE\782df61baf2c3d3094f683c02f9a3056974d69b7\spring-boot-starter-aop-2.2.5.RELEASE.jar;C:\Users\666\.gradle\caches\modules-2\files-2.1\org.springframework.boot\spring-boot-starter-jdbc\2.2.5.RELEASE\5bc988a151e1e4e35acb8765d261374ebe1b13a7\spring-boot-starter-jdbc-2.2.5.RELEASE.jar;C:\Users\666\.gradle\caches\modules-2\files-2.1\org.hibernate\hibernate-core\5.4.12.Final\7813daed21576920450443097d69823245d112d2\hibernate-core-5.4.12.Final.jar;C:\Users\666\.gradle\caches\modules-2\files-2.1\org.glassfish.jaxb\jaxb-runtime\2.3.2\55
Launcher Type: SUN_STANDARD

[Global flags]
     intx CICompilerCount                          = 4                                         {product} {ergonomic}
     uint ConcGCThreads                            = 2                                         {product} {ergonomic}
     uint G1ConcRefinementThreads                  = 8                                         {product} {ergonomic}
   size_t G1HeapRegionSize                         = 1048576                                   {product} {ergonomic}
    uintx GCDrainStackTargetSize                   = 64                                        {product} {ergonomic}
   size_t InitialHeapSize                          = 268435456                                 {product} {ergonomic}
   size_t MarkStackSize                            = 4194304                                   {product} {ergonomic}
   size_t MaxHeapSize                              = 4265607168                                {product} {ergonomic}
   size_t MaxNewSize                               = 2558525440                                {product} {ergonomic}
   size_t MinHeapDeltaBytes                        = 1048576                                   {product} {ergonomic}
    uintx NonNMethodCodeHeapSize                   = 5836300                                {pd product} {ergonomic}
    uintx NonProfiledCodeHeapSize                  = 122910970                              {pd product} {ergonomic}
    uintx ProfiledCodeHeapSize                     = 122910970                              {pd product} {ergonomic}
    uintx ReservedCodeCacheSize                    = 251658240                              {pd product} {ergonomic}
     bool SegmentedCodeCache                       = true                                      {product} {ergonomic}
     bool UseCompressedClassPointers               = true                                 {lp64_product} {ergonomic}
     bool UseCompressedOops                        = true                                 {lp64_product} {ergonomic}
     bool UseG1GC                                  = true                                      {product} {ergonomic}
     bool UseLargePagesIndividualAllocation        = false                                  {pd product} {ergonomic}

Logging:
Log output configuration:
 #0: stdout all=warning uptime,level,tags
 #1: stderr all=off uptime,level,tags

Environment Variables:
PATH=C:\Program Files (x86)\Common Files\Oracle\Java\javapath;C:\Windows\system32;C:\Windows;C:\Windows\System32\Wbem;C:\Windows\System32\WindowsPowerShell\v1.0\;C:\Windows\System32\OpenSSH\;C:\Program Files\Intel\WiFi\bin\;C:\Program Files\Common Files\Intel\WirelessCommon\;C:\Program Files (x86)\NVIDIA Corporation\PhysX\Common;C:\Program Files\NVIDIA Corporation\NVIDIA NvDLISR;C:\Program Files\Microsoft SQL Server\Client SDK\ODBC\170\Tools\Binn\;C:\Program Files (x86)\Microsoft SQL Server\150\Tools\Binn\;C:\Program Files\Microsoft SQL Server\150\Tools\Binn\;C:\Program Files\Microsoft SQL Server\150\DTS\Binn\;C:\Program Files\Git\cmd;C:\Program Files\PostgreSQL\12\bin;C:\Program Files\PostgreSQL\12\lib;C:\Users\666\Desktop\apache-maven-3.6.3\bin;C:\Users\666\AppData\Local\Microsoft\WindowsApps;
USERNAME=666
OS=Windows_NT
PROCESSOR_IDENTIFIER=Intel64 Family 6 Model 158 Stepping 9, GenuineIntel



---------------  S Y S T E M  ---------------

OS: Windows 10 , 64 bit Build 17763 (10.0.17763.475)

CPU:total 8 (initial active 8) (4 cores per cpu, 2 threads per core) family 6 model 158 stepping 9, cmov, cx8, fxsr, mmx, sse, sse2, sse3, ssse3, sse4.1, sse4.2, popcnt, avx, avx2, aes, clmul, erms, 3dnowpref, lzcnt, ht, tsc, tscinvbit, bmi1, bmi2, adx, fma

Memory: 4k page, system-wide physical 16268M (9335M free)
TotalPageFile size 18700M (AvailPageFile size 8993M)
current process WorkingSet (physical memory assigned to process): 239M, peak: 239M
current process commit charge ("private bytes"): 428M, peak: 428M

vm_info: OpenJDK 64-Bit Server VM (11.0.5+10-b520.30) for windows-amd64 JRE (11.0.5+10-b520.30), built on Dec 24 2019 12:06:09 by "" with MS VC++ 14.0 (VS2015)

END.
